c:\users\ryan2\onedrive - university of lincoln\year 2\game programming - cgp2015m\assignments\game\game_engine\game_engine\x64\debug\vc142.pdb
c:\users\ryan2\onedrive - university of lincoln\year 2\game programming - cgp2015m\assignments\game\game_engine\game_engine\x64\debug\vc142.idb
c:\users\ryan2\onedrive - university of lincoln\year 2\game programming - cgp2015m\assignments\game\game_engine\game_engine\x64\debug\rs_vector2.obj
c:\users\ryan2\onedrive - university of lincoln\year 2\game programming - cgp2015m\assignments\game\game_engine\game_engine\x64\debug\rs_time.obj
c:\users\ryan2\onedrive - university of lincoln\year 2\game programming - cgp2015m\assignments\game\game_engine\game_engine\x64\debug\rs_texturemanager.obj
c:\users\ryan2\onedrive - university of lincoln\year 2\game programming - cgp2015m\assignments\game\game_engine\game_engine\x64\debug\rs_sprite.obj
c:\users\ryan2\onedrive - university of lincoln\year 2\game programming - cgp2015m\assignments\game\game_engine\game_engine\x64\debug\rs_logger.obj
c:\users\ryan2\onedrive - university of lincoln\year 2\game programming - cgp2015m\assignments\game\game_engine\game_engine\x64\debug\rs_input.obj
c:\users\ryan2\onedrive - university of lincoln\year 2\game programming - cgp2015m\assignments\game\game_engine\game_engine\x64\debug\rs_gameworld.obj
c:\users\ryan2\onedrive - university of lincoln\year 2\game programming - cgp2015m\assignments\game\game_engine\game_engine\x64\debug\rs_enginecore.obj
c:\users\ryan2\onedrive - university of lincoln\year 2\game programming - cgp2015m\assignments\game\game_engine\game_engine\x64\debug\game_engine.obj
c:\users\ryan2\onedrive - university of lincoln\year 2\game programming - cgp2015m\assignments\game\game_engine\game_engine\x64\debug\eventdispatcher.obj
c:\users\ryan2\onedrive - university of lincoln\year 2\game programming - cgp2015m\assignments\game\game_engine\game_engine\x64\debug\rs_gameobject.obj
c:\users\ryan2\onedrive - university of lincoln\year 2\game programming - cgp2015m\assignments\game\game_engine\game_engine\x64\debug\screentext.obj
c:\users\ryan2\onedrive - university of lincoln\year 2\game programming - cgp2015m\assignments\game\game_engine\game_engine\x64\debug\rs_texture.obj
c:\users\ryan2\onedrive - university of lincoln\year 2\game programming - cgp2015m\assignments\game\game_engine\game_engine\x64\debug\rs_titlescreen.obj
c:\users\ryan2\onedrive - university of lincoln\year 2\game programming - cgp2015m\assignments\game\game_engine\game_engine\x64\debug\rs_soundmanager.obj
c:\users\ryan2\onedrive - university of lincoln\year 2\game programming - cgp2015m\assignments\game\game_engine\game_engine\x64\debug\rs_sound.obj
c:\users\ryan2\onedrive - university of lincoln\year 2\game programming - cgp2015m\assignments\game\game_engine\x64\debug\game_engine.pdb
c:\users\ryan2\onedrive - university of lincoln\year 2\game programming - cgp2015m\assignments\game\game_engine\x64\debug\game_engine.exe
c:\users\ryan2\onedrive - university of lincoln\year 2\game programming - cgp2015m\assignments\game\game_engine\x64\debug\game_engine.ilk
c:\users\ryan2\onedrive - university of lincoln\year 2\game programming - cgp2015m\assignments\game\game_engine\game_engine\x64\debug\game_engine.tlog\cl.command.1.tlog
c:\users\ryan2\onedrive - university of lincoln\year 2\game programming - cgp2015m\assignments\game\game_engine\game_engine\x64\debug\game_engine.tlog\cl.read.1.tlog
c:\users\ryan2\onedrive - university of lincoln\year 2\game programming - cgp2015m\assignments\game\game_engine\game_engine\x64\debug\game_engine.tlog\cl.write.1.tlog
c:\users\ryan2\onedrive - university of lincoln\year 2\game programming - cgp2015m\assignments\game\game_engine\game_engine\x64\debug\game_engine.tlog\link.command.1.tlog
c:\users\ryan2\onedrive - university of lincoln\year 2\game programming - cgp2015m\assignments\game\game_engine\game_engine\x64\debug\game_engine.tlog\link.read.1.tlog
c:\users\ryan2\onedrive - university of lincoln\year 2\game programming - cgp2015m\assignments\game\game_engine\game_engine\x64\debug\game_engine.tlog\link.write.1.tlog
